<?xml version="1.0" encoding="UTF-8"?>
<coverage generated="1537149343966" clover="3.2.0">
  <project timestamp="1537149343966" name="All files">
    <metrics statements="17" coveredstatements="16" conditionals="2" coveredconditionals="2" methods="11" coveredmethods="9" elements="30" coveredelements="27" complexity="0" loc="17" ncloc="17" packages="2" files="4" classes="4">
      <package name="react-redux-homework">
        <metrics statements="1" coveredstatements="1" conditionals="0" coveredconditionals="0" methods="0" coveredmethods="0"/>
        <file name="fileMock.js" path="/Users/lihsuan.hsieh/Documents/github/react-redux-homework/fileMock.js">
          <metrics statements="1" coveredstatements="1" conditionals="0" coveredconditionals="0" methods="0" coveredmethods="0"/>
          <line num="1" count="1" type="stmt"/>
        </file>
      </package>
      <package name="react-redux-homework.src.client">
        <metrics statements="16" coveredstatements="15" conditionals="2" coveredconditionals="2" methods="11" coveredmethods="9"/>
        <file name="Footer.js" path="/Users/lihsuan.hsieh/Documents/github/react-redux-homework/src/client/Footer.js">
          <metrics statements="6" coveredstatements="5" conditionals="0" coveredconditionals="0" methods="6" coveredmethods="4"/>
          <line num="5" count="3" type="stmt"/>
          <line num="6" count="3" type="stmt"/>
          <line num="9" count="3" type="stmt"/>
          <line num="13" count="1" type="stmt"/>
          <line num="17" count="0" type="stmt"/>
          <line num="25" count="3" type="stmt"/>
        </file>
        <file name="Home.js" path="/Users/lihsuan.hsieh/Documents/github/react-redux-homework/src/client/Home.js">
          <metrics statements="1" coveredstatements="1" conditionals="0" coveredconditionals="0" methods="1" coveredmethods="1"/>
          <line num="10" count="1" type="stmt"/>
        </file>
        <file name="Table.js" path="/Users/lihsuan.hsieh/Documents/github/react-redux-homework/src/client/Table.js">
          <metrics statements="9" coveredstatements="9" conditionals="2" coveredconditionals="2" methods="4" coveredmethods="4"/>
          <line num="6" count="3" type="cond" truecount="2" falsecount="0"/>
          <line num="7" count="2" type="stmt"/>
          <line num="19" count="1" type="stmt"/>
          <line num="32" count="1" type="stmt"/>
          <line num="33" count="1" type="stmt"/>
          <line num="34" count="3" type="stmt"/>
          <line num="42" count="1" type="stmt"/>
          <line num="60" count="2" type="stmt"/>
          <line num="64" count="1" type="stmt"/>
        </file>
      </package>
    </metrics>
  </project>
</coverage>
