{"/Users/lihsuan.hsieh/Documents/github/react-redux-homework/fileMock.js": {"path":"/Users/lihsuan.hsieh/Documents/github/react-redux-homework/fileMock.js","statementMap":{"0":{"start":{"line":1,"column":0},"end":{"line":1,"column":33}}},"fnMap":{},"branchMap":{},"s":{"0":1},"f":{},"b":{},"_coverageSchema":"332fd63041d2c1bcb487cc26dd0d5f7d97098a6c","hash":"a4a981d2121863906f6d9a7e7e18b5efb917a00b"}
,"/Users/lihsuan.hsieh/Documents/github/react-redux-homework/src/client/Footer.js": {"path":"/Users/lihsuan.hsieh/Documents/github/react-redux-homework/src/client/Footer.js","statementMap":{"0":{"start":{"line":5,"column":6},"end":{"line":5,"column":19}},"1":{"start":{"line":6,"column":6},"end":{"line":6,"column":38}},"2":{"start":{"line":9,"column":6},"end":{"line":9,"column":57}},"3":{"start":{"line":9,"column":38},"end":{"line":9,"column":49}},"4":{"start":{"line":13,"column":6},"end":{"line":13,"column":33}},"5":{"start":{"line":17,"column":6},"end":{"line":19,"column":9}},"6":{"start":{"line":25,"column":8},"end":{"line":34,"column":10}}},"fnMap":{"0":{"name":"(anonymous_0)","decl":{"start":{"line":4,"column":2},"end":{"line":4,"column":3}},"loc":{"start":{"line":4,"column":20},"end":{"line":7,"column":3}},"line":4},"1":{"name":"(anonymous_1)","decl":{"start":{"line":8,"column":2},"end":{"line":8,"column":3}},"loc":{"start":{"line":8,"column":21},"end":{"line":10,"column":3}},"line":8},"2":{"name":"(anonymous_2)","decl":{"start":{"line":9,"column":32},"end":{"line":9,"column":33}},"loc":{"start":{"line":9,"column":38},"end":{"line":9,"column":49}},"line":9},"3":{"name":"(anonymous_3)","decl":{"start":{"line":12,"column":2},"end":{"line":12,"column":3}},"loc":{"start":{"line":12,"column":24},"end":{"line":14,"column":3}},"line":12},"4":{"name":"(anonymous_4)","decl":{"start":{"line":16,"column":2},"end":{"line":16,"column":3}},"loc":{"start":{"line":16,"column":8},"end":{"line":20,"column":3}},"line":16},"5":{"name":"(anonymous_5)","decl":{"start":{"line":24,"column":4},"end":{"line":24,"column":5}},"loc":{"start":{"line":24,"column":12},"end":{"line":35,"column":5}},"line":24}},"branchMap":{},"s":{"0":3,"1":3,"2":3,"3":0,"4":1,"5":0,"6":3},"f":{"0":3,"1":3,"2":0,"3":1,"4":0,"5":3},"b":{},"_coverageSchema":"332fd63041d2c1bcb487cc26dd0d5f7d97098a6c","hash":"08779ee2e930c77884ce009172251f39611458e2"}
,"/Users/lihsuan.hsieh/Documents/github/react-redux-homework/src/client/Home.js": {"path":"/Users/lihsuan.hsieh/Documents/github/react-redux-homework/src/client/Home.js","statementMap":{"0":{"start":{"line":10,"column":4},"end":{"line":19,"column":6}}},"fnMap":{"0":{"name":"(anonymous_0)","decl":{"start":{"line":9,"column":2},"end":{"line":9,"column":3}},"loc":{"start":{"line":9,"column":11},"end":{"line":20,"column":3}},"line":9}},"branchMap":{},"s":{"0":1},"f":{"0":1},"b":{},"_coverageSchema":"332fd63041d2c1bcb487cc26dd0d5f7d97098a6c","hash":"7a4c8ef2b9fe6707cb9ad5d99e575990a6c0eda5"}
,"/Users/lihsuan.hsieh/Documents/github/react-redux-homework/src/client/Table.js": {"path":"/Users/lihsuan.hsieh/Documents/github/react-redux-homework/src/client/Table.js","statementMap":{"0":{"start":{"line":6,"column":2},"end":{"line":29,"column":3}},"1":{"start":{"line":7,"column":4},"end":{"line":16,"column":6}},"2":{"start":{"line":19,"column":4},"end":{"line":28,"column":6}},"3":{"start":{"line":32,"column":22},"end":{"line":32,"column":37}},"4":{"start":{"line":33,"column":23},"end":{"line":41,"column":5}},"5":{"start":{"line":34,"column":8},"end":{"line":40,"column":45}},"6":{"start":{"line":42,"column":4},"end":{"line":58,"column":5}},"7":{"start":{"line":60,"column":18},"end":{"line":60,"column":22}},"8":{"start":{"line":64,"column":8},"end":{"line":68,"column":10}}},"fnMap":{"0":{"name":"TableItem","decl":{"start":{"line":4,"column":9},"end":{"line":4,"column":18}},"loc":{"start":{"line":4,"column":25},"end":{"line":30,"column":1}},"line":4},"1":{"name":"ShowTable","decl":{"start":{"line":31,"column":9},"end":{"line":31,"column":18}},"loc":{"start":{"line":31,"column":25},"end":{"line":59,"column":1}},"line":31},"2":{"name":"(anonymous_2)","decl":{"start":{"line":33,"column":37},"end":{"line":33,"column":38}},"loc":{"start":{"line":34,"column":8},"end":{"line":40,"column":45}},"line":34},"3":{"name":"(anonymous_3)","decl":{"start":{"line":63,"column":4},"end":{"line":63,"column":5}},"loc":{"start":{"line":63,"column":12},"end":{"line":69,"column":5}},"line":63}},"branchMap":{"0":{"loc":{"start":{"line":6,"column":2},"end":{"line":29,"column":3}},"type":"if","locations":[{"start":{"line":6,"column":2},"end":{"line":29,"column":3}},{"start":{"line":6,"column":2},"end":{"line":29,"column":3}}],"line":6}},"s":{"0":3,"1":2,"2":1,"3":1,"4":1,"5":3,"6":1,"7":2,"8":1},"f":{"0":3,"1":1,"2":3,"3":1},"b":{"0":[2,1]},"_coverageSchema":"332fd63041d2c1bcb487cc26dd0d5f7d97098a6c","hash":"0bc1e08739a542ffd7c2c07c55790ad831027774"}
}
