{"/Users/lihsuan.hsieh/Documents/github/react-redux-homework/src/client/Footer.js": {"path":"/Users/lihsuan.hsieh/Documents/github/react-redux-homework/src/client/Footer.js","statementMap":{"0":{"start":{"line":5,"column":6},"end":{"line":5,"column":19}},"1":{"start":{"line":6,"column":6},"end":{"line":6,"column":38}},"2":{"start":{"line":9,"column":6},"end":{"line":9,"column":57}},"3":{"start":{"line":9,"column":38},"end":{"line":9,"column":49}},"4":{"start":{"line":12,"column":6},"end":{"line":12,"column":33}},"5":{"start":{"line":15,"column":6},"end":{"line":17,"column":9}},"6":{"start":{"line":21,"column":8},"end":{"line":30,"column":10}}},"fnMap":{"0":{"name":"(anonymous_0)","decl":{"start":{"line":4,"column":2},"end":{"line":4,"column":3}},"loc":{"start":{"line":4,"column":20},"end":{"line":7,"column":3}},"line":4},"1":{"name":"(anonymous_1)","decl":{"start":{"line":8,"column":2},"end":{"line":8,"column":3}},"loc":{"start":{"line":8,"column":21},"end":{"line":10,"column":3}},"line":8},"2":{"name":"(anonymous_2)","decl":{"start":{"line":9,"column":32},"end":{"line":9,"column":33}},"loc":{"start":{"line":9,"column":38},"end":{"line":9,"column":49}},"line":9},"3":{"name":"(anonymous_3)","decl":{"start":{"line":11,"column":2},"end":{"line":11,"column":3}},"loc":{"start":{"line":11,"column":24},"end":{"line":13,"column":3}},"line":11},"4":{"name":"(anonymous_4)","decl":{"start":{"line":14,"column":2},"end":{"line":14,"column":3}},"loc":{"start":{"line":14,"column":8},"end":{"line":18,"column":3}},"line":14},"5":{"name":"(anonymous_5)","decl":{"start":{"line":20,"column":4},"end":{"line":20,"column":5}},"loc":{"start":{"line":20,"column":12},"end":{"line":31,"column":5}},"line":20}},"branchMap":{},"s":{"0":3,"1":3,"2":4,"3":0,"4":0,"5":0,"6":3},"f":{"0":3,"1":4,"2":0,"3":0,"4":0,"5":3},"b":{},"_coverageSchema":"332fd63041d2c1bcb487cc26dd0d5f7d97098a6c","hash":"bc6a57d57144a3c261f8f91a707589532af18966"}
,"/Users/lihsuan.hsieh/Documents/github/react-redux-homework/src/client/Home.js": {"path":"/Users/lihsuan.hsieh/Documents/github/react-redux-homework/src/client/Home.js","statementMap":{"0":{"start":{"line":10,"column":4},"end":{"line":19,"column":6}}},"fnMap":{"0":{"name":"(anonymous_0)","decl":{"start":{"line":9,"column":2},"end":{"line":9,"column":3}},"loc":{"start":{"line":9,"column":11},"end":{"line":20,"column":3}},"line":9}},"branchMap":{},"s":{"0":1},"f":{"0":1},"b":{},"_coverageSchema":"332fd63041d2c1bcb487cc26dd0d5f7d97098a6c","hash":"7a4c8ef2b9fe6707cb9ad5d99e575990a6c0eda5"}
,"/Users/lihsuan.hsieh/Documents/github/react-redux-homework/src/client/Table.js": {"path":"/Users/lihsuan.hsieh/Documents/github/react-redux-homework/src/client/Table.js","statementMap":{"0":{"start":{"line":5,"column":2},"end":{"line":28,"column":3}},"1":{"start":{"line":6,"column":4},"end":{"line":15,"column":6}},"2":{"start":{"line":18,"column":4},"end":{"line":27,"column":6}},"3":{"start":{"line":31,"column":22},"end":{"line":31,"column":37}},"4":{"start":{"line":32,"column":23},"end":{"line":40,"column":5}},"5":{"start":{"line":33,"column":8},"end":{"line":39,"column":45}},"6":{"start":{"line":41,"column":4},"end":{"line":57,"column":5}},"7":{"start":{"line":59,"column":18},"end":{"line":59,"column":22}},"8":{"start":{"line":63,"column":8},"end":{"line":67,"column":10}}},"fnMap":{"0":{"name":"TableItem","decl":{"start":{"line":4,"column":9},"end":{"line":4,"column":18}},"loc":{"start":{"line":4,"column":25},"end":{"line":29,"column":1}},"line":4},"1":{"name":"ShowTable","decl":{"start":{"line":30,"column":9},"end":{"line":30,"column":18}},"loc":{"start":{"line":30,"column":25},"end":{"line":58,"column":1}},"line":30},"2":{"name":"(anonymous_2)","decl":{"start":{"line":32,"column":37},"end":{"line":32,"column":38}},"loc":{"start":{"line":33,"column":8},"end":{"line":39,"column":45}},"line":33},"3":{"name":"(anonymous_3)","decl":{"start":{"line":62,"column":4},"end":{"line":62,"column":5}},"loc":{"start":{"line":62,"column":12},"end":{"line":68,"column":5}},"line":62}},"branchMap":{"0":{"loc":{"start":{"line":5,"column":2},"end":{"line":28,"column":3}},"type":"if","locations":[{"start":{"line":5,"column":2},"end":{"line":28,"column":3}},{"start":{"line":5,"column":2},"end":{"line":28,"column":3}}],"line":5}},"s":{"0":0,"1":0,"2":0,"3":0,"4":0,"5":0,"6":0,"7":1,"8":0},"f":{"0":0,"1":0,"2":0,"3":0},"b":{"0":[0,0]},"_coverageSchema":"332fd63041d2c1bcb487cc26dd0d5f7d97098a6c","hash":"5142b8f0dd22b2cb73b91a063e336e0fdc6124cb"}
}
