TN:
SF:/Users/lihsuan.hsieh/Documents/github/react-redux-homework/src/client/Footer.js
FN:4,(anonymous_0)
FN:8,(anonymous_1)
FN:9,(anonymous_2)
FN:11,(anonymous_3)
FN:14,(anonymous_4)
FN:20,(anonymous_5)
FNF:6
FNH:3
FNDA:3,(anonymous_0)
FNDA:4,(anonymous_1)
FNDA:0,(anonymous_2)
FNDA:0,(anonymous_3)
FNDA:0,(anonymous_4)
FNDA:3,(anonymous_5)
DA:5,3
DA:6,3
DA:9,4
DA:12,0
DA:15,0
DA:21,3
LF:6
LH:4
BRF:0
BRH:0
end_of_record
TN:
SF:/Users/lihsuan.hsieh/Documents/github/react-redux-homework/src/client/Home.js
FN:9,(anonymous_0)
FNF:1
FNH:1
FNDA:1,(anonymous_0)
DA:10,1
LF:1
LH:1
BRF:0
BRH:0
end_of_record
TN:
SF:/Users/lihsuan.hsieh/Documents/github/react-redux-homework/src/client/Table.js
FN:4,TableItem
FN:30,ShowTable
FN:32,(anonymous_2)
FN:62,(anonymous_3)
FNF:4
FNH:4
FNDA:3,TableItem
FNDA:1,ShowTable
FNDA:3,(anonymous_2)
FNDA:1,(anonymous_3)
DA:5,3
DA:6,2
DA:18,1
DA:31,1
DA:32,1
DA:33,3
DA:41,1
DA:59,2
DA:63,1
LF:9
LH:9
BRDA:5,0,0,2
BRDA:5,0,1,1
BRF:2
BRH:2
end_of_record
