TN:
SF:/Users/lihsuan.hsieh/Documents/github/react-redux-homework/fileMock.js
FNF:0
FNH:0
DA:1,1
LF:1
LH:1
BRF:0
BRH:0
end_of_record
TN:
SF:/Users/lihsuan.hsieh/Documents/github/react-redux-homework/src/client/Footer.js
FN:4,(anonymous_0)
FN:8,(anonymous_1)
FN:9,(anonymous_2)
FN:12,(anonymous_3)
FN:16,(anonymous_4)
FN:24,(anonymous_5)
FNF:6
FNH:4
FNDA:3,(anonymous_0)
FNDA:3,(anonymous_1)
FNDA:0,(anonymous_2)
FNDA:1,(anonymous_3)
FNDA:0,(anonymous_4)
FNDA:3,(anonymous_5)
DA:5,3
DA:6,3
DA:9,3
DA:13,1
DA:17,0
DA:25,3
LF:6
LH:5
BRF:0
BRH:0
end_of_record
TN:
SF:/Users/lihsuan.hsieh/Documents/github/react-redux-homework/src/client/Home.js
FN:9,(anonymous_0)
FNF:1
FNH:1
FNDA:1,(anonymous_0)
DA:10,1
LF:1
LH:1
BRF:0
BRH:0
end_of_record
TN:
SF:/Users/lihsuan.hsieh/Documents/github/react-redux-homework/src/client/Table.js
FN:4,TableItem
FN:31,ShowTable
FN:33,(anonymous_2)
FN:63,(anonymous_3)
FNF:4
FNH:4
FNDA:3,TableItem
FNDA:1,ShowTable
FNDA:3,(anonymous_2)
FNDA:1,(anonymous_3)
DA:6,3
DA:7,2
DA:19,1
DA:32,1
DA:33,1
DA:34,3
DA:42,1
DA:60,2
DA:64,1
LF:9
LH:9
BRDA:6,0,0,2
BRDA:6,0,1,1
BRF:2
BRH:2
end_of_record
